<?xml version="1.0" encoding="utf-8"?><testsuites name="pytest tests"><testsuite name="pytest" errors="0" failures="0" skipped="0" tests="27" time="5.878" timestamp="2026-06-22T04:09:37.336770+00:00" hostname="agent-env-fb351afa-a717-40db-9492-501a31d7cbb2"><testcase classname="backend.tests.test_indieforge" name="test_root" time="0.193" /><testcase classname="backend.tests.test_indieforge" name="test_stats" time="0.057" /><testcase classname="backend.tests.test_indieforge" name="test_categories" time="0.050" /><testcase classname="backend.tests.test_indieforge" name="test_register_and_me" time="0.469" /><testcase classname="backend.tests.test_indieforge" name="test_login_demo" time="0.464" /><testcase classname="backend.tests.test_indieforge" name="test_login_bad" time="0.370" /><testcase classname="backend.tests.test_indieforge" name="test_assets_list" time="0.045" /><testcase classname="backend.tests.test_indieforge" name="test_asset_filters[params0-category-characters]" time="0.052" /><testcase classname="backend.tests.test_indieforge" name="test_asset_filters[params1-None-None]" time="0.054" /><testcase classname="backend.tests.test_indieforge" name="test_asset_filters[params2-None-None]" time="0.046" /><testcase classname="backend.tests.test_indieforge" name="test_asset_filters[params3-None-None]" time="0.047" /><testcase classname="backend.tests.test_indieforge" name="test_asset_filters[params4-None-None]" time="0.045" /><testcase classname="backend.tests.test_indieforge" name="test_asset_filters[params5-None-None]" time="0.045" /><testcase classname="backend.tests.test_indieforge" name="test_trending" time="0.047" /><testcase classname="backend.tests.test_indieforge" name="test_asset_detail" time="0.094" /><testcase classname="backend.tests.test_indieforge" name="test_featured_creators" time="0.048" /><testcase classname="backend.tests.test_indieforge" name="test_creator_detail" time="0.094" /><testcase classname="backend.tests.test_indieforge" name="test_favorites_toggle" time="0.320" /><testcase classname="backend.tests.test_indieforge" name="test_my_purchases_auth" time="0.046" /><testcase classname="backend.tests.test_indieforge" name="test_my_purchases_unauth" time="0.095" /><testcase classname="backend.tests.test_indieforge" name="test_checkout_asset" time="1.233" /><testcase classname="backend.tests.test_indieforge" name="test_checkout_subscription_pro" time="0.375" /><testcase classname="backend.tests.test_indieforge" name="test_checkout_subscription_studio" time="0.386" /><testcase classname="backend.tests.test_indieforge" name="test_checkout_subscription_free" time="0.046" /><testcase classname="backend.tests.test_indieforge" name="test_upload_image_and_fetch" time="0.657" /><testcase classname="backend.tests.test_indieforge" name="test_create_asset_and_analytics" time="0.143" /><testcase classname="backend.tests.test_indieforge" name="test_commissions" time="0.237" /></testsuite></testsuites>